  Source.cpp
D:\Projects\cpp\SlimeMold\SlimeMold\Source.cpp(27,32): warning C4244: 'return': conversion from 'int' to 'float', possible loss of data
D:\Projects\cpp\SlimeMold\SlimeMold\Source.cpp(38,16): warning C4244: 'initializing': conversion from 'double' to 'int', possible loss of data
D:\Projects\cpp\SlimeMold\SlimeMold\Source.cpp(79,47): warning C4244: 'argument': conversion from 'int' to 'float', possible loss of data
D:\Projects\cpp\SlimeMold\SlimeMold\Source.cpp(79,32): warning C4244: 'argument': conversion from 'int' to 'float', possible loss of data
D:\Projects\cpp\SlimeMold\SlimeMold\Source.cpp(313,98): warning C4244: 'argument': conversion from 'int' to 'T', possible loss of data
D:\Projects\cpp\SlimeMold\SlimeMold\Source.cpp(313,98): warning C4244:         with
D:\Projects\cpp\SlimeMold\SlimeMold\Source.cpp(313,98): warning C4244:         [
D:\Projects\cpp\SlimeMold\SlimeMold\Source.cpp(313,98): warning C4244:             T=float
D:\Projects\cpp\SlimeMold\SlimeMold\Source.cpp(313,98): warning C4244:         ]
D:\Projects\cpp\SlimeMold\SlimeMold\Source.cpp(313,77): warning C4244: 'argument': conversion from 'int' to 'T', possible loss of data
D:\Projects\cpp\SlimeMold\SlimeMold\Source.cpp(313,77): warning C4244:         with
D:\Projects\cpp\SlimeMold\SlimeMold\Source.cpp(313,77): warning C4244:         [
D:\Projects\cpp\SlimeMold\SlimeMold\Source.cpp(313,77): warning C4244:             T=float
D:\Projects\cpp\SlimeMold\SlimeMold\Source.cpp(313,77): warning C4244:         ]
D:\Projects\cpp\SlimeMold\SlimeMold\Source.cpp(322,103): warning C4244: 'argument': conversion from 'int' to 'T', possible loss of data
D:\Projects\cpp\SlimeMold\SlimeMold\Source.cpp(322,103): warning C4244:         with
D:\Projects\cpp\SlimeMold\SlimeMold\Source.cpp(322,103): warning C4244:         [
D:\Projects\cpp\SlimeMold\SlimeMold\Source.cpp(322,103): warning C4244:             T=float
D:\Projects\cpp\SlimeMold\SlimeMold\Source.cpp(322,103): warning C4244:         ]
D:\Projects\cpp\SlimeMold\SlimeMold\Source.cpp(322,82): warning C4244: 'argument': conversion from 'int' to 'T', possible loss of data
D:\Projects\cpp\SlimeMold\SlimeMold\Source.cpp(322,82): warning C4244:         with
D:\Projects\cpp\SlimeMold\SlimeMold\Source.cpp(322,82): warning C4244:         [
D:\Projects\cpp\SlimeMold\SlimeMold\Source.cpp(322,82): warning C4244:             T=float
D:\Projects\cpp\SlimeMold\SlimeMold\Source.cpp(322,82): warning C4244:         ]
  SlimeMold.vcxproj -> D:\Projects\cpp\SlimeMold\x64\Debug\SlimeMold.exe
